INFO django.server "GET /study/ HTTP/1.1" 200 584
INFO django.server "POST /study/ HTTP/1.1" 200 598
INFO django.utils.autoreload Watching for file changes with StatReloader
INFO django.utils.autoreload /home/ilichota/PycharmProjects/dj/dj_redis_celery/study/views.py changed, reloading.
INFO django.utils.autoreload Watching for file changes with StatReloader
INFO django.utils.autoreload /home/ilichota/PycharmProjects/dj/dj_redis_celery/study/tasks.py changed, reloading.
INFO django.utils.autoreload Watching for file changes with StatReloader
INFO django.utils.autoreload /home/ilichota/PycharmProjects/dj/dj_redis_celery/study/tasks.py changed, reloading.
INFO django.utils.autoreload Watching for file changes with StatReloader
INFO django.utils.autoreload /home/ilichota/PycharmProjects/dj/dj_redis_celery/study/tasks.py changed, reloading.
INFO django.utils.autoreload Watching for file changes with StatReloader
ERROR django.server "GET /study/ HTTP/1.1" 500 135661
INFO django.utils.autoreload /home/ilichota/PycharmProjects/dj/dj_redis_celery/study/views.py changed, reloading.
INFO django.utils.autoreload Watching for file changes with StatReloader
INFO django.utils.autoreload /home/ilichota/PycharmProjects/dj/dj_redis_celery/study/tasks.py changed, reloading.
INFO django.utils.autoreload Watching for file changes with StatReloader
INFO django.server "GET /study/ HTTP/1.1" 200 584
INFO django.server "POST /study/ HTTP/1.1" 200 598
INFO django.server "GET /study/send_email/ HTTP/1.1" 200 21
INFO django.utils.autoreload /home/ilichota/PycharmProjects/dj/dj_redis_celery/study/tasks.py changed, reloading.
INFO django.utils.autoreload Watching for file changes with StatReloader
INFO django.server "GET /study/ HTTP/1.1" 200 601
INFO django.server "POST /study/ HTTP/1.1" 200 615
INFO django.server "GET /study/send_email/ HTTP/1.1" 200 21
INFO django.utils.autoreload /home/ilichota/PycharmProjects/dj/dj_redis_celery/django_redis_celery/settings.py changed, reloading.
INFO django.utils.autoreload Watching for file changes with StatReloader
INFO django.utils.autoreload /home/ilichota/PycharmProjects/dj/dj_redis_celery/django_redis_celery/settings.py changed, reloading.
INFO django.utils.autoreload Watching for file changes with StatReloader
INFO django.utils.autoreload /home/ilichota/PycharmProjects/dj/dj_redis_celery/study/views.py changed, reloading.
INFO django.utils.autoreload Watching for file changes with StatReloader
INFO django.server "GET /study/ HTTP/1.1" 200 601
INFO django.server "POST /study/ HTTP/1.1" 200 615
ERROR django.server "GET /study/send_email/ HTTP/1.1" 500 129000
